mode: set
github.com/aldytanda/swt-pro-tht/handler/endpoints.go:19.78,23.2 3 1
github.com/aldytanda/swt-pro-tht/handler/endpoints.go:26.51,30.16 3 1
github.com/aldytanda/swt-pro-tht/handler/endpoints.go:36.2,38.16 3 1
github.com/aldytanda/swt-pro-tht/handler/endpoints.go:53.2,58.16 2 1
github.com/aldytanda/swt-pro-tht/handler/endpoints.go:70.2,76.43 2 1
github.com/aldytanda/swt-pro-tht/handler/endpoints.go:30.16,34.3 1 0
github.com/aldytanda/swt-pro-tht/handler/endpoints.go:38.16,39.57 1 1
github.com/aldytanda/swt-pro-tht/handler/endpoints.go:46.3,50.5 2 0
github.com/aldytanda/swt-pro-tht/handler/endpoints.go:39.57,44.4 1 1
github.com/aldytanda/swt-pro-tht/handler/endpoints.go:58.16,59.52 1 0
github.com/aldytanda/swt-pro-tht/handler/endpoints.go:65.3,67.5 1 0
github.com/aldytanda/swt-pro-tht/handler/endpoints.go:59.52,63.4 1 0
github.com/aldytanda/swt-pro-tht/handler/endpoints.go:80.56,84.9 3 1
github.com/aldytanda/swt-pro-tht/handler/endpoints.go:91.2,92.9 2 0
github.com/aldytanda/swt-pro-tht/handler/endpoints.go:98.2,99.16 2 0
github.com/aldytanda/swt-pro-tht/handler/endpoints.go:106.2,107.16 2 0
github.com/aldytanda/swt-pro-tht/handler/endpoints.go:113.2,115.16 3 0
github.com/aldytanda/swt-pro-tht/handler/endpoints.go:128.2,129.16 2 0
github.com/aldytanda/swt-pro-tht/handler/endpoints.go:137.2,138.25 2 0
github.com/aldytanda/swt-pro-tht/handler/endpoints.go:141.2,141.26 1 0
github.com/aldytanda/swt-pro-tht/handler/endpoints.go:145.2,146.16 2 0
github.com/aldytanda/swt-pro-tht/handler/endpoints.go:162.2,168.38 2 0
github.com/aldytanda/swt-pro-tht/handler/endpoints.go:84.9,89.3 2 1
github.com/aldytanda/swt-pro-tht/handler/endpoints.go:92.9,96.3 1 0
github.com/aldytanda/swt-pro-tht/handler/endpoints.go:99.16,104.3 2 0
github.com/aldytanda/swt-pro-tht/handler/endpoints.go:107.16,111.3 1 0
github.com/aldytanda/swt-pro-tht/handler/endpoints.go:115.16,116.57 1 0
github.com/aldytanda/swt-pro-tht/handler/endpoints.go:123.3,125.5 1 0
github.com/aldytanda/swt-pro-tht/handler/endpoints.go:116.57,121.4 1 0
github.com/aldytanda/swt-pro-tht/handler/endpoints.go:129.16,135.3 2 0
github.com/aldytanda/swt-pro-tht/handler/endpoints.go:138.25,140.3 1 0
github.com/aldytanda/swt-pro-tht/handler/endpoints.go:141.26,143.3 1 0
github.com/aldytanda/swt-pro-tht/handler/endpoints.go:146.16,147.52 1 0
github.com/aldytanda/swt-pro-tht/handler/endpoints.go:157.3,159.5 1 0
github.com/aldytanda/swt-pro-tht/handler/endpoints.go:147.52,151.4 1 0
github.com/aldytanda/swt-pro-tht/handler/endpoints.go:151.9,151.52 1 0
github.com/aldytanda/swt-pro-tht/handler/endpoints.go:151.52,155.4 1 0
github.com/aldytanda/swt-pro-tht/handler/endpoints.go:172.53,174.9 2 1
github.com/aldytanda/swt-pro-tht/handler/endpoints.go:181.2,182.9 2 0
github.com/aldytanda/swt-pro-tht/handler/endpoints.go:189.2,190.16 2 0
github.com/aldytanda/swt-pro-tht/handler/endpoints.go:197.2,198.16 2 0
github.com/aldytanda/swt-pro-tht/handler/endpoints.go:205.2,211.38 2 0
github.com/aldytanda/swt-pro-tht/handler/endpoints.go:174.9,179.3 2 1
github.com/aldytanda/swt-pro-tht/handler/endpoints.go:182.9,187.3 2 0
github.com/aldytanda/swt-pro-tht/handler/endpoints.go:190.16,195.3 2 0
github.com/aldytanda/swt-pro-tht/handler/endpoints.go:198.16,203.3 2 0
github.com/aldytanda/swt-pro-tht/handler/endpoints.go:215.48,219.16 3 1
github.com/aldytanda/swt-pro-tht/handler/endpoints.go:225.2,230.16 3 1
github.com/aldytanda/swt-pro-tht/handler/endpoints.go:237.2,239.4 1 0
github.com/aldytanda/swt-pro-tht/handler/endpoints.go:219.16,223.3 1 0
github.com/aldytanda/swt-pro-tht/handler/endpoints.go:230.16,235.3 2 1
github.com/aldytanda/swt-pro-tht/handler/endpoints.go:242.79,245.50 2 1
github.com/aldytanda/swt-pro-tht/handler/endpoints.go:250.2,251.108 2 1
github.com/aldytanda/swt-pro-tht/handler/endpoints.go:260.2,260.16 1 1
github.com/aldytanda/swt-pro-tht/handler/endpoints.go:265.2,266.23 2 0
github.com/aldytanda/swt-pro-tht/handler/endpoints.go:273.2,274.22 2 0
github.com/aldytanda/swt-pro-tht/handler/endpoints.go:245.50,248.3 2 0
github.com/aldytanda/swt-pro-tht/handler/endpoints.go:251.108,253.10 2 0
github.com/aldytanda/swt-pro-tht/handler/endpoints.go:258.3,258.37 1 0
github.com/aldytanda/swt-pro-tht/handler/endpoints.go:253.10,256.4 2 0
github.com/aldytanda/swt-pro-tht/handler/endpoints.go:260.16,263.3 2 1
github.com/aldytanda/swt-pro-tht/handler/endpoints.go:266.23,271.3 3 0
github.com/aldytanda/swt-pro-tht/handler/server.go:15.47,20.2 1 1
github.com/aldytanda/swt-pro-tht/handler/validation.go:16.45,19.29 2 1
github.com/aldytanda/swt-pro-tht/handler/validation.go:30.2,30.18 1 1
github.com/aldytanda/swt-pro-tht/handler/validation.go:19.29,20.27 1 1
github.com/aldytanda/swt-pro-tht/handler/validation.go:23.3,23.25 1 1
github.com/aldytanda/swt-pro-tht/handler/validation.go:26.3,26.62 1 1
github.com/aldytanda/swt-pro-tht/handler/validation.go:20.27,21.12 1 1
github.com/aldytanda/swt-pro-tht/handler/validation.go:23.25,25.4 1 0
github.com/aldytanda/swt-pro-tht/handler/validation.go:33.67,36.29 2 1
github.com/aldytanda/swt-pro-tht/handler/validation.go:45.2,45.26 1 1
github.com/aldytanda/swt-pro-tht/handler/validation.go:36.29,37.20 1 1
github.com/aldytanda/swt-pro-tht/handler/validation.go:37.20,42.4 1 1
github.com/aldytanda/swt-pro-tht/handler/validation.go:48.79,51.29 2 1
github.com/aldytanda/swt-pro-tht/handler/validation.go:60.2,60.14 1 1
github.com/aldytanda/swt-pro-tht/handler/validation.go:51.29,52.26 1 1
github.com/aldytanda/swt-pro-tht/handler/validation.go:52.26,57.4 1 1
github.com/aldytanda/swt-pro-tht/handler/validation.go:68.79,77.23 3 1
github.com/aldytanda/swt-pro-tht/handler/validation.go:81.2,81.23 1 1
github.com/aldytanda/swt-pro-tht/handler/validation.go:85.2,85.40 1 1
github.com/aldytanda/swt-pro-tht/handler/validation.go:89.2,89.21 1 1
github.com/aldytanda/swt-pro-tht/handler/validation.go:93.2,93.22 1 1
github.com/aldytanda/swt-pro-tht/handler/validation.go:97.2,97.25 1 1
github.com/aldytanda/swt-pro-tht/handler/validation.go:101.2,101.26 1 1
github.com/aldytanda/swt-pro-tht/handler/validation.go:105.2,106.34 2 1
github.com/aldytanda/swt-pro-tht/handler/validation.go:110.2,111.34 2 1
github.com/aldytanda/swt-pro-tht/handler/validation.go:115.2,116.34 2 1
github.com/aldytanda/swt-pro-tht/handler/validation.go:120.2,120.26 1 1
github.com/aldytanda/swt-pro-tht/handler/validation.go:124.2,124.12 1 1
github.com/aldytanda/swt-pro-tht/handler/validation.go:77.23,79.3 1 1
github.com/aldytanda/swt-pro-tht/handler/validation.go:81.23,83.3 1 1
github.com/aldytanda/swt-pro-tht/handler/validation.go:85.40,87.3 1 1
github.com/aldytanda/swt-pro-tht/handler/validation.go:89.21,91.3 1 1
github.com/aldytanda/swt-pro-tht/handler/validation.go:93.22,95.3 1 1
github.com/aldytanda/swt-pro-tht/handler/validation.go:97.25,99.3 1 1
github.com/aldytanda/swt-pro-tht/handler/validation.go:101.26,103.3 1 1
github.com/aldytanda/swt-pro-tht/handler/validation.go:106.34,108.3 1 1
github.com/aldytanda/swt-pro-tht/handler/validation.go:111.34,113.3 1 1
github.com/aldytanda/swt-pro-tht/handler/validation.go:116.34,118.3 1 1
github.com/aldytanda/swt-pro-tht/handler/validation.go:120.26,122.3 1 1
github.com/aldytanda/swt-pro-tht/handler/validation.go:127.86,136.20 3 1
github.com/aldytanda/swt-pro-tht/handler/validation.go:148.2,148.19 1 1
github.com/aldytanda/swt-pro-tht/handler/validation.go:158.2,158.37 1 1
github.com/aldytanda/swt-pro-tht/handler/validation.go:162.2,162.26 1 1
github.com/aldytanda/swt-pro-tht/handler/validation.go:166.2,166.12 1 0
github.com/aldytanda/swt-pro-tht/handler/validation.go:136.20,137.25 1 0
github.com/aldytanda/swt-pro-tht/handler/validation.go:140.3,140.25 1 0
github.com/aldytanda/swt-pro-tht/handler/validation.go:143.3,143.42 1 0
github.com/aldytanda/swt-pro-tht/handler/validation.go:137.25,139.4 1 0
github.com/aldytanda/swt-pro-tht/handler/validation.go:140.25,142.4 1 0
github.com/aldytanda/swt-pro-tht/handler/validation.go:143.42,145.4 1 0
github.com/aldytanda/swt-pro-tht/handler/validation.go:148.19,149.23 1 0
github.com/aldytanda/swt-pro-tht/handler/validation.go:153.3,153.24 1 0
github.com/aldytanda/swt-pro-tht/handler/validation.go:149.23,151.4 1 0
github.com/aldytanda/swt-pro-tht/handler/validation.go:153.24,155.4 1 0
github.com/aldytanda/swt-pro-tht/handler/validation.go:158.37,160.3 1 1
github.com/aldytanda/swt-pro-tht/handler/validation.go:162.26,164.3 1 1
